<?xml version="1.0" encoding="UTF-8"?>
<!-- Generated by org.testng.reporters.JUnitReportReporter -->
<testsuite hostname="NOETICPC13" failures="0" tests="1" name="com.erp.automation.tests.sales.InvoiceCreationTestDomestic" time="206.619" errors="0" timestamp="2025-03-20T11:06:16 IST" skipped="0">
  <testcase classname="com.erp.automation.tests.sales.InvoiceCreationTestDomestic" name="invoiceCreationFromExcelDomestic" time="206.619"/>
</testsuite> <!-- com.erp.automation.tests.sales.InvoiceCreationTestDomestic -->
