<?xml version="1.0" encoding="UTF-8"?>
<!-- Generated by org.testng.reporters.JUnitReportReporter -->
<testsuite hostname="NOETICPC13" failures="0" tests="1" name="com.erp.automation.tests.PiCreation" time="37.343" errors="0" timestamp="2025-07-02T16:32:23 IST" skipped="0">
  <testcase classname="com.erp.automation.tests.PiCreation" name="piCreationTest" time="37.343"/>
</testsuite> <!-- com.erp.automation.tests.PiCreation -->
