<?xml version="1.0" encoding="UTF-8"?>
<!-- Generated by org.testng.reporters.JUnitReportReporter -->
<testsuite hostname="NOETICPC13" failures="0" tests="1" name="com.erp.automation.tests.VendorPriceListSetupTest" time="57.962" errors="0" timestamp="2025-03-26T14:13:45 IST" skipped="0">
  <testcase classname="com.erp.automation.tests.VendorPriceListSetupTest" name="vendorPriceListUpdate" time="57.962"/>
</testsuite> <!-- com.erp.automation.tests.VendorPriceListSetupTest -->
