<?xml version="1.0" encoding="UTF-8"?>
<!-- Generated by org.testng.reporters.JUnitReportReporter -->
<testsuite hostname="NOETICPC13" failures="0" tests="1" name="com.erp.automation.tests.sales.CustomerPriceListApprovalTest" time="35.834" errors="0" timestamp="2025-07-08T14:32:24 IST" skipped="0">
  <testcase classname="com.erp.automation.tests.sales.CustomerPriceListApprovalTest" name="customerPriceListApprovalProcess" time="35.834"/>
</testsuite> <!-- com.erp.automation.tests.sales.CustomerPriceListApprovalTest -->
