<?xml version="1.0" encoding="UTF-8"?>
<!-- Generated by org.testng.reporters.JUnitReportReporter -->
<testsuite hostname="NOETICPC13" failures="0" tests="1" name="com.erp.automation.tests.sales.CustomerApprovalTest" time="24.968" errors="0" timestamp="2025-03-26T11:56:30 IST" skipped="0">
  <testcase classname="com.erp.automation.tests.sales.CustomerApprovalTest" name="customerApprovalTest" time="24.968"/>
</testsuite> <!-- com.erp.automation.tests.sales.CustomerApprovalTest -->
