<?xml version="1.0" encoding="UTF-8"?>
<!-- Generated by org.testng.reporters.JUnitReportReporter -->
<testsuite hostname="NOETICPC13" failures="0" tests="1" name="com.erp.automation.tests.sales.CustomerFirstApprovalTest" time="43.062" errors="0" timestamp="2025-07-03T15:22:31 IST" skipped="0">
  <testcase classname="com.erp.automation.tests.sales.CustomerFirstApprovalTest" name="customerFirstApprovalTest2" time="43.062"/>
</testsuite> <!-- com.erp.automation.tests.sales.CustomerFirstApprovalTest -->
