<?xml version="1.0" encoding="UTF-8"?>
<!-- Generated by org.testng.reporters.JUnitReportReporter -->
<testsuite hostname="NOETICPC13" failures="0" tests="1" name="com.erp.automation.tests.VendorPriceListApprovalTest" time="48.963" errors="0" timestamp="2025-03-12T10:23:00 IST" skipped="0">
  <testcase classname="com.erp.automation.tests.VendorPriceListApprovalTest" name="vendorPriceListApprovalTest" time="48.963"/>
</testsuite> <!-- com.erp.automation.tests.VendorPriceListApprovalTest -->
