<?xml version="1.0" encoding="UTF-8"?>
<!-- Generated by org.testng.reporters.JUnitReportReporter -->
<testsuite hostname="NOETICPC13" failures="0" tests="7" name="com.erp.automation.tests.sales.SalesOrderCreationTestCARMAA" time="296.253" errors="0" timestamp="2025-04-09T16:27:58 IST" skipped="0">
  <testcase classname="com.erp.automation.tests.sales.SalesOrderCreationTestCARMAA" name="salesOrderCreationTest" time="68.754"/>
  <testcase classname="com.erp.automation.tests.sales.SalesOrderCreationTestCARMAA" name="soFirstApprovalTest" time="45.534"/>
  <testcase classname="com.erp.automation.tests.sales.SalesOrderCreationTestCARMAA" name="soSecondApprovalRejectionTest" time="29.920"/>
  <testcase classname="com.erp.automation.tests.sales.SalesOrderCreationTestCARMAA" name="salesOrderModificationTest" time="58.761"/>
  <testcase classname="com.erp.automation.tests.sales.SalesOrderCreationTestCARMAA" name="soFirstApprovalTestSecondTime" time="31.293"/>
  <testcase classname="com.erp.automation.tests.sales.SalesOrderCreationTestCARMAA" name="soSecondApprovalTest" time="32.976"/>
  <testcase classname="com.erp.automation.tests.sales.SalesOrderCreationTestCARMAA" name="salesOrderCloseTest" time="29.015"/>
</testsuite> <!-- com.erp.automation.tests.sales.SalesOrderCreationTestCARMAA -->
