<?xml version="1.0" encoding="UTF-8"?>
<!-- Generated by org.testng.reporters.JUnitReportReporter -->
<testsuite hostname="NOETICPC13" failures="0" tests="1" name="com.erp.automation.tests.master.ItemTest" time="116.533" errors="0" timestamp="2025-05-10T11:37:22 IST" skipped="0">
  <testcase classname="com.erp.automation.tests.master.ItemTest" name="itemCreationTest" time="116.533"/>
</testsuite> <!-- com.erp.automation.tests.master.ItemTest -->
