<?xml version="1.0" encoding="UTF-8"?>
<!-- Generated by org.testng.reporters.JUnitReportReporter -->
<testsuite hostname="NOETICPC13" failures="0" tests="1" name="com.erp.automation.tests.production.ToolIssueSlipBulkExcelTest" time="47.362" errors="0" timestamp="2025-05-24T10:50:56 IST" skipped="0">
  <testcase classname="com.erp.automation.tests.production.ToolIssueSlipBulkExcelTest" name="toolIssueSlipTest" time="47.362"/>
</testsuite> <!-- com.erp.automation.tests.production.ToolIssueSlipBulkExcelTest -->
