<?xml version="1.0" encoding="UTF-8"?>
<!-- Generated by org.testng.reporters.JUnitReportReporter -->
<testsuite hostname="NOETICPC13" failures="0" tests="3" name="com.erp.automation.tests.reports.OEESummaryTest" time="70.023" errors="0" timestamp="2025-07-04T10:57:14 IST" skipped="1">
  <testcase classname="com.erp.automation.tests.reports.OEESummaryTest" name="getOEESummaryReport" time="33.296"/>
  <testcase classname="com.erp.automation.tests.reports.OEESummaryTest" name="getOEESummaryReporteforCustomDateRangeOne" time="36.727"/>
  <testcase classname="com.erp.automation.tests.reports.OEESummaryTest" name="getOEESummaryReportForCustomDateRangeTwo">
    <skipped/>
  </testcase> <!-- getOEESummaryReportForCustomDateRangeTwo -->
</testsuite> <!-- com.erp.automation.tests.reports.OEESummaryTest -->
