<?xml version="1.0" encoding="UTF-8"?>
<!-- Generated by org.testng.reporters.JUnitReportReporter -->
<testsuite hostname="NOETICPC13" failures="0" tests="1" name="com.erp.automation.tests.accountFinance.CustomerOutstandingReportTest" time="19.116" errors="0" timestamp="2025-03-22T09:58:00 IST" skipped="0">
  <testcase classname="com.erp.automation.tests.accountFinance.CustomerOutstandingReportTest" name="customerOutstandingReportTestMethod" time="19.116"/>
</testsuite> <!-- com.erp.automation.tests.accountFinance.CustomerOutstandingReportTest -->
