<?xml version="1.0" encoding="UTF-8"?>
<!-- Generated by org.testng.reporters.JUnitReportReporter -->
<testsuite hostname="NOETICPC13" failures="0" tests="1" name="com.erp.automation.tests.purchase.PoCreateFromPi" time="50.997" errors="0" timestamp="2025-07-04T09:58:26 IST" skipped="0">
  <testcase classname="com.erp.automation.tests.purchase.PoCreateFromPi" name="poCreateFromPiTest" time="50.997"/>
</testsuite> <!-- com.erp.automation.tests.purchase.PoCreateFromPi -->
