<?xml version="1.0" encoding="UTF-8"?>
<!-- Generated by org.testng.reporters.JUnitReportReporter -->
<testsuite hostname="NOETICPC13" failures="0" tests="1" name="com.erp.automation.tests.PoCreateTestFromExcel" time="87.991" errors="0" timestamp="2025-05-21T14:34:19 IST" skipped="0">
  <testcase classname="com.erp.automation.tests.PoCreateTestFromExcel" name="poCreatTest" time="87.991"/>
</testsuite> <!-- com.erp.automation.tests.PoCreateTestFromExcel -->
