<?xml version="1.0" encoding="UTF-8"?>
<!-- Generated by org.testng.reporters.JUnitReportReporter -->
<testsuite hostname="NOETICPC13" failures="0" tests="6" name="com.erp.automation.tests.sales.SalesOrderCreationTestCRMAA2" time="210.750" errors="0" timestamp="2025-04-10T17:17:28 IST" skipped="0">
  <testcase classname="com.erp.automation.tests.sales.SalesOrderCreationTestCRMAA2" name="salesOrderCreationTest" time="56.747"/>
  <testcase classname="com.erp.automation.tests.sales.SalesOrderCreationTestCRMAA2" name="soFirstApprovalRejectionTest" time="27.433"/>
  <testcase classname="com.erp.automation.tests.sales.SalesOrderCreationTestCRMAA2" name="salesOrderModificationTest" time="43.880"/>
  <testcase classname="com.erp.automation.tests.sales.SalesOrderCreationTestCRMAA2" name="soFirstApprovalTest" time="27.438"/>
  <testcase classname="com.erp.automation.tests.sales.SalesOrderCreationTestCRMAA2" name="soSecondApprovalTest" time="27.991"/>
  <testcase classname="com.erp.automation.tests.sales.SalesOrderCreationTestCRMAA2" name="salesOrderCloseTest" time="27.261"/>
</testsuite> <!-- com.erp.automation.tests.sales.SalesOrderCreationTestCRMAA2 -->
