<?xml version="1.0" encoding="UTF-8"?>
<!-- Generated by org.testng.reporters.JUnitReportReporter -->
<testsuite hostname="NOETICPC13" failures="0" tests="7" name="com.erp.automation.tests.sales.SalesOrderCreationTestCARMAA3" time="238.852" errors="0" timestamp="2025-04-10T17:22:04 IST" skipped="0">
  <testcase classname="com.erp.automation.tests.sales.SalesOrderCreationTestCARMAA3" name="salesOrderCreationTest" time="56.293"/>
  <testcase classname="com.erp.automation.tests.sales.SalesOrderCreationTestCARMAA3" name="soFirstApprovalTest" time="27.656"/>
  <testcase classname="com.erp.automation.tests.sales.SalesOrderCreationTestCARMAA3" name="soSecondApprovalRejectionTest" time="27.883"/>
  <testcase classname="com.erp.automation.tests.sales.SalesOrderCreationTestCARMAA3" name="salesOrderModificationTest" time="44.247"/>
  <testcase classname="com.erp.automation.tests.sales.SalesOrderCreationTestCARMAA3" name="soFirstApprovalTestSecondTime" time="27.368"/>
  <testcase classname="com.erp.automation.tests.sales.SalesOrderCreationTestCARMAA3" name="soSecondApprovalTest" time="28.113"/>
  <testcase classname="com.erp.automation.tests.sales.SalesOrderCreationTestCARMAA3" name="salesOrderCloseTest" time="27.292"/>
</testsuite> <!-- com.erp.automation.tests.sales.SalesOrderCreationTestCARMAA3 -->
