<?xml version="1.0" encoding="UTF-8"?>
<!-- Generated by org.testng.reporters.JUnitReportReporter -->
<testsuite hostname="NOETICPC13" failures="0" tests="1" name="com.erp.automation.tests.CopyReleaseNote" time="10.122" errors="0" timestamp="2025-02-28T16:13:17 IST" skipped="0">
  <testcase classname="com.erp.automation.tests.CopyReleaseNote" name="test1" time="10.122"/>
</testsuite> <!-- com.erp.automation.tests.CopyReleaseNote -->
