<?xml version="1.0" encoding="UTF-8"?>
<!-- Generated by org.testng.reporters.JUnitReportReporter -->
<testsuite hostname="NOETICPC13" failures="0" tests="6" name="com.erp.automation.tests.sales.SalesOrderCreationTestCRMAA" time="212.403" errors="0" timestamp="2025-04-09T15:31:26 IST" skipped="0">
  <testcase classname="com.erp.automation.tests.sales.SalesOrderCreationTestCRMAA" name="salesOrderCreationTest" time="57.159"/>
  <testcase classname="com.erp.automation.tests.sales.SalesOrderCreationTestCRMAA" name="soFirstApprovalRejectionTest" time="27.462"/>
  <testcase classname="com.erp.automation.tests.sales.SalesOrderCreationTestCRMAA" name="salesOrderModificationTest" time="44.305"/>
  <testcase classname="com.erp.automation.tests.sales.SalesOrderCreationTestCRMAA" name="soFirstApprovalTest" time="27.542"/>
  <testcase classname="com.erp.automation.tests.sales.SalesOrderCreationTestCRMAA" name="soSecondApprovalTest" time="28.216"/>
  <testcase classname="com.erp.automation.tests.sales.SalesOrderCreationTestCRMAA" name="salesOrderCloseTest" time="27.719"/>
</testsuite> <!-- com.erp.automation.tests.sales.SalesOrderCreationTestCRMAA -->
