<?xml version="1.0" encoding="UTF-8"?>
<!-- Generated by org.testng.reporters.JUnitReportReporter -->
<testsuite hostname="NOETICPC13" failures="0" tests="1" name="com.erp.automation.tests.sales.SalesOrderCreationTest" time="74.591" errors="0" timestamp="2025-04-09T14:07:28 IST" skipped="0">
  <testcase classname="com.erp.automation.tests.sales.SalesOrderCreationTest" name="salesOrderCreationTest" time="74.591"/>
</testsuite> <!-- com.erp.automation.tests.sales.SalesOrderCreationTest -->
