<?xml version="1.0" encoding="UTF-8"?>
<!-- Generated by org.testng.reporters.JUnitReportReporter -->
<testsuite hostname="NOETICPC13" failures="0" tests="1" name="com.erp.automation.tests.accountFinance.JournalVoucherTest" time="264.074" errors="0" timestamp="2025-04-25T12:12:45 IST" skipped="0">
  <testcase classname="com.erp.automation.tests.accountFinance.JournalVoucherTest" name="creationOfJournalVoucherMethod" time="264.074"/>
</testsuite> <!-- com.erp.automation.tests.accountFinance.JournalVoucherTest -->
