<?xml version="1.0" encoding="UTF-8"?>
<!-- Generated by org.testng.reporters.JUnitReportReporter -->
<testsuite hostname="NOETICPC13" failures="0" tests="1" name="com.erp.automation.tests.ExcelTestClass" time="13.624" errors="0" timestamp="2025-07-02T12:10:17 IST" skipped="0">
  <testcase classname="com.erp.automation.tests.ExcelTestClass" name="excelSheetTest" time="13.624"/>
</testsuite> <!-- com.erp.automation.tests.ExcelTestClass -->
