<?xml version="1.0" encoding="UTF-8"?>
<!-- Generated by org.testng.reporters.JUnitReportReporter -->
<testsuite hostname="NOETICPC13" failures="0" tests="1" name="com.erp.automation.tests.purchase.PiCreation" time="42.704" errors="0" timestamp="2025-07-04T09:58:26 IST" skipped="0">
  <testcase classname="com.erp.automation.tests.purchase.PiCreation" name="piCreationTest" time="42.704"/>
</testsuite> <!-- com.erp.automation.tests.purchase.PiCreation -->
