<?xml version="1.0" encoding="UTF-8"?>
<!-- Generated by org.testng.reporters.JUnitReportReporter -->
<testsuite hostname="NOETICPC13" failures="0" tests="1" name="com.erp.automation.tests.sales.InvoiceCreationTestDomesticAndOutward" time="112.562" errors="0" timestamp="2025-07-07T18:12:39 IST" skipped="0">
  <testcase classname="com.erp.automation.tests.sales.InvoiceCreationTestDomesticAndOutward" name="invoiceCreationFromExcelSingleitemDomesticAndOutward" time="112.562"/>
</testsuite> <!-- com.erp.automation.tests.sales.InvoiceCreationTestDomesticAndOutward -->
