<?xml version="1.0" encoding="UTF-8"?>
<!-- Generated by org.testng.reporters.JUnitReportReporter -->
<testsuite hostname="NOETICPC13" failures="0" tests="1" name="com.erp.automation.tests.purchase.PoCreateTestFromExcel" time="65.468" errors="0" timestamp="2025-07-07T16:10:46 IST" skipped="0">
  <testcase classname="com.erp.automation.tests.purchase.PoCreateTestFromExcel" name="poCreatTest" time="65.468"/>
</testsuite> <!-- com.erp.automation.tests.purchase.PoCreateTestFromExcel -->
