<?xml version="1.0" encoding="UTF-8"?>
<!-- Generated by org.testng.reporters.JUnitReportReporter -->
<testsuite hostname="NOETICPC13" failures="0" tests="1" name="com.erp.automation.tests.LogInExcelTestClass" time="11.362" errors="0" timestamp="2025-07-03T10:23:20 IST" skipped="0">
  <testcase classname="com.erp.automation.tests.LogInExcelTestClass" name="LoginWithWrongCredsexcelSheetTest" time="11.362"/>
</testsuite> <!-- com.erp.automation.tests.LogInExcelTestClass -->
