<?xml version="1.0" encoding="UTF-8"?>
<!-- Generated by org.testng.reporters.JUnitReportReporter -->
<testsuite hostname="NOETICPC13" failures="0" tests="1" name="com.erp.automation.tests.sales.InvoiceCreationTestDomesticSamplePO" time="182.757" errors="0" timestamp="2025-03-20T10:57:06 IST" skipped="0">
  <testcase classname="com.erp.automation.tests.sales.InvoiceCreationTestDomesticSamplePO" name="invoiceCreationFromExcelDomesticSample" time="182.757"/>
</testsuite> <!-- com.erp.automation.tests.sales.InvoiceCreationTestDomesticSamplePO -->
